<?xml version="1.0" encoding="UTF-8"?>
<!-- Generated by org.testng.reporters.JUnitReportReporter -->
<testsuite hostname="LAPTOP-S3TAVUIV" failures="0" tests="1" name="testCases.TC002_Login" time="1.637" errors="0" timestamp="2025-03-27T09:04:36 IST" skipped="0">
  <testcase classname="testCases.TC002_Login" name="verifyLogin" time="1.637"/>
</testsuite> <!-- testCases.TC002_Login -->
