<?xml version="1.0" encoding="UTF-8"?>
<!-- Generated by org.testng.reporters.JUnitReportReporter -->
<testsuite hostname="LAPTOP-S3TAVUIV" failures="0" tests="1" name="testCases.TC001_resistarion" time="2.047" errors="0" timestamp="2025-04-01T09:08:01 IST" skipped="0">
  <testcase classname="testCases.TC001_resistarion" name="verify_account_risistration" time="2.047"/>
</testsuite> <!-- testCases.TC001_resistarion -->
